[wc.auth] [INFO] REQUEST GET /favicon.ico
[wc.auth] [INFO] REQUEST GET /grupos
[wc.auth] [INFO] REQUEST GET /static/css/app.theme.css
[wc.auth] [INFO] REQUEST GET /static/js/notify.js
[wc.auth] [INFO] REQUEST GET /favicon.ico
[wc.auth] [INFO] REQUEST GET /.well-known/appspecific/com.chrome.devtools.json
[wc.auth] [INFO] REQUEST GET /grupos
[wc.auth] [INFO] REQUEST GET /static/css/app.theme.css
[wc.auth] [INFO] REQUEST GET /static/js/notify.js
[wc.auth] [INFO] REQUEST GET /favicon.ico
[wc.auth] [INFO] REQUEST GET /grupos
[wc.auth] [INFO] REQUEST GET /static/css/app.theme.css
[wc.auth] [INFO] REQUEST GET /static/js/notify.js
[wc.auth] [INFO] REQUEST GET /favicon.ico
[wc.auth] [INFO] REQUEST GET /grupos/1/eliminar
[wc.auth] [INFO] [GRUPOS] User 2 deleting group 1
[wc.auth] [INFO] REQUEST GET /grupos
[wc.auth] [INFO] REQUEST GET /grupos
[wc.auth] [INFO] REQUEST GET /grupos
[wc.auth] [INFO] REQUEST GET /grupos/nuevo
[wc.auth] [INFO] REQUEST POST /grupos/nuevo
[wc.auth] [INFO] REQUEST GET /grupos
[wc.auth] [INFO] REQUEST GET /grupos/1/editar
[wc.auth] [INFO] REQUEST POST /grupos/1/miembros/agregar
[wc.auth] [INFO] REQUEST GET /grupos/1/editar
[wc.auth] [INFO] REQUEST GET /grupos/1/miembros/2/eliminar
[wc.auth] [INFO] [GRUPOS] User 2 removing member 2 from group 1
[wc.auth] [INFO] REQUEST GET /grupos/1/editar
[wc.auth] [INFO] REQUEST GET /grupos
[wc.auth] [INFO] REQUEST GET /grupos/1/eliminar
[wc.auth] [INFO] [GRUPOS] User 2 deleting group 1
[wc.auth] [INFO] REQUEST GET /grupos
[wc.auth] [INFO] REQUEST GET /otras-fuentes/nueva
[wc.auth] [INFO] REQUEST GET /static/css/app.theme.css
[wc.auth] [INFO] REQUEST GET /static/js/notify.js
[wc.auth] [INFO] REQUEST GET /favicon.ico
[wc.auth] [INFO] REQUEST GET /mercado-publico
[wc.auth] [INFO] REQUEST GET /cargas/historial
[wc.auth] [INFO] REQUEST GET /mercado-publico/helpdesk
[wc.auth] [INFO] REQUEST GET /mercado-publico/helpdesk/1
[wc.auth] [INFO] REQUEST GET /mercado-publico
[wc.auth] [INFO] REQUEST GET /
[wc.auth] [INFO] REQUEST GET /sic
[wc.auth] [INFO] REQUEST GET /sic/
[wc.auth] [INFO] REQUEST GET /notifications/unread-count
[wc.auth] [INFO] REQUEST GET /sic/users
[wc.auth] [INFO] REQUEST GET /notifications/unread-count
[wc.auth] [INFO] REQUEST GET /sic/users/2/edit
[wc.auth] [INFO] REQUEST GET /notifications/unread-count
[wc.auth] [INFO] REQUEST POST /sic/users/2/password
[wc.auth] [INFO] REQUEST GET /sic/users/2/edit
[wc.auth] [INFO] REQUEST GET /notifications/unread-count
[wc.auth] [INFO] REQUEST GET /sic
[wc.auth] [INFO] REQUEST GET /sic/
[wc.auth] [INFO] REQUEST GET /notifications/unread-count
[wc.auth] [INFO] REQUEST POST /admin/factory_reset
[wc.auth] [INFO] REQUEST GET /sic
[wc.auth] [INFO] REQUEST GET /sic/
[wc.auth] [INFO] REQUEST GET /notifications/unread-count
[wc.auth] [INFO] REQUEST GET /mercado-publico
[wc.auth] [INFO] REQUEST GET /static/css/app.theme.css
[wc.auth] [INFO] REQUEST GET /static/js/notify.js
[wc.auth] [INFO] REQUEST GET /favicon.ico
[wc.auth] [INFO] REQUEST GET /mercado-publico/helpdesk
[wc.auth] [INFO] REQUEST GET /mi/password
[wc.auth] [INFO] REQUEST GET /sic/users
[wc.auth] [INFO] REQUEST GET /notifications/unread-count
[wc.auth] [INFO] REQUEST GET /sic/users/3/edit
[wc.auth] [INFO] REQUEST GET /notifications/unread-count
[wc.auth] [INFO] REQUEST POST /sic/users/3/password
[wc.auth] [INFO] REQUEST GET /sic/users/3/edit
[wc.auth] [INFO] REQUEST GET /notifications/unread-count
[wc.auth] [INFO] REQUEST GET /sic
[wc.auth] [INFO] REQUEST GET /sic/
[wc.auth] [INFO] REQUEST GET /notifications/unread-count
[wc.auth] [INFO] REQUEST GET /mi/password
[wc.auth] [INFO] REQUEST GET /static/css/app.theme.css
[wc.auth] [INFO] REQUEST GET /static/js/notify.js
[wc.auth] [INFO] REQUEST GET /favicon.ico
[wc.auth] [INFO] REQUEST POST /mi/password
[wc.auth] [INFO] REQUEST GET /mi/password
[wc.auth] [INFO] REQUEST GET /mercado-publico
[wc.auth] [INFO] REQUEST GET /logout
[wc.auth] [INFO] REQUEST GET /login
[wc.auth] [INFO] REQUEST GET /sic/users
[wc.auth] [INFO] REQUEST GET /notifications/unread-count
[wc.auth] [INFO] REQUEST POST /login
[wc.auth] [INFO] REQUEST GET /
[wc.auth] [INFO] REQUEST GET /mercado-publico
[wc.auth] [INFO] REQUEST GET /
[wc.auth] [INFO] REQUEST GET /mercado-publico/web-comparativas
[wc.auth] [INFO] REQUEST GET /oportunidades/buscador
[wc.auth] [INFO] REQUEST GET /static/js/oportunidades_buscador.js
[wc.auth] [INFO] REQUEST GET /oportunidades/buscador
[wc.auth] [INFO] REQUEST GET /static/js/oportunidades_buscador.js
[wc.auth] [INFO] REQUEST GET /oportunidades/buscador
[wc.auth] [INFO] REQUEST GET /static/css/app.theme.css
[wc.auth] [INFO] REQUEST GET /static/js/oportunidades_buscador.js
[wc.auth] [INFO] REQUEST GET /static/js/notify.js
[wc.auth] [INFO] REQUEST GET /favicon.ico
[wc.auth] [INFO] REQUEST GET /oportunidades/buscador
[wc.auth] [INFO] REQUEST GET /static/css/app.theme.css
[wc.auth] [INFO] REQUEST GET /static/js/oportunidades_buscador.js
[wc.auth] [INFO] REQUEST GET /static/js/notify.js
[wc.auth] [INFO] REQUEST GET /favicon.ico
[wc.auth] [INFO] REQUEST GET /oportunidades/buscador
[wc.auth] [INFO] REQUEST GET /static/css/app.theme.css
[wc.auth] [INFO] REQUEST GET /static/js/oportunidades_buscador.js
[wc.auth] [INFO] REQUEST GET /static/js/notify.js
[wc.auth] [INFO] REQUEST GET /favicon.ico
[wc.auth] [INFO] REQUEST GET /oportunidades/buscador
[wc.auth] [INFO] REQUEST GET /static/css/app.theme.css
[wc.auth] [INFO] REQUEST GET /static/js/oportunidades_buscador.js
[wc.auth] [INFO] REQUEST GET /static/js/notify.js
[wc.auth] [INFO] REQUEST GET /favicon.ico
[wc.auth] [INFO] REQUEST GET /oportunidades/dimensiones
[wc.auth] [INFO] REQUEST GET /static/js/oportunidades_dimensiones.js
[wc.auth] [INFO] REQUEST GET /static/data/provincias_argentina.geojson
[wc.auth] [INFO] REQUEST GET /api/oportunidades/dimensiones
[wc.auth] [INFO] REQUEST GET /api/oportunidades/dimensiones
[wc.auth] [INFO] REQUEST GET /mercado-publico/helpdesk
[wc.auth] [INFO] REQUEST GET /mercado-publico
[wc.auth] [INFO] REQUEST GET /otras-fuentes/nueva
[wc.auth] [INFO] REQUEST GET /otras-fuentes/nueva
[wc.auth] [INFO] REQUEST GET /otras-fuentes/nueva
[wc.auth] [INFO] REQUEST GET /static/css/app.theme.css
[wc.auth] [INFO] REQUEST GET /static/js/notify.js
[wc.auth] [INFO] REQUEST GET /favicon.ico
[wc.auth] [INFO] REQUEST GET /notifications
[wc.auth] [INFO] REQUEST GET /notifications/
[wc.auth] [INFO] REQUEST POST /notifications/5/read
[wc.auth] [INFO] REQUEST GET /tablero/2
[wc.auth] [INFO] REQUEST POST /notifications/4/read
[wc.auth] [INFO] REQUEST GET /notifications
[wc.auth] [INFO] REQUEST GET /notifications/
[wc.auth] [INFO] REQUEST POST /notifications/2/read
[wc.auth] [INFO] REQUEST GET /notifications
[wc.auth] [INFO] REQUEST GET /notifications/
[wc.auth] [INFO] REQUEST GET /otras-fuentes/nueva
[wc.auth] [INFO] REQUEST GET /static/css/app.theme.css
[wc.auth] [INFO] REQUEST GET /static/js/notify.js
[wc.auth] [INFO] REQUEST GET /notifications/
[wc.auth] [INFO] REQUEST GET /favicon.ico
[wc.auth] [INFO] REQUEST GET /otras-fuentes/nueva
[wc.auth] [INFO] REQUEST GET /notifications/
[wc.auth] [INFO] REQUEST GET /notifications
[wc.auth] [INFO] REQUEST GET /static/css/app.theme.css
[wc.auth] [INFO] REQUEST GET /static/js/notify.js
[wc.auth] [INFO] REQUEST GET /static/css/app.theme.css
[wc.auth] [INFO] REQUEST GET /static/js/notify.js
[wc.auth] [INFO] REQUEST GET /favicon.ico
[wc.auth] [INFO] REQUEST GET /favicon.ico
[wc.auth] [INFO] REQUEST GET /otras-fuentes/nueva
[wc.auth] [INFO] REQUEST GET /static/css/app.theme.css
[wc.auth] [INFO] REQUEST GET /static/js/notify.js
[wc.auth] [INFO] REQUEST GET /favicon.ico
[wc.auth] [INFO] REQUEST GET /otras-fuentes/nueva
[wc.auth] [INFO] REQUEST GET /static/css/app.theme.css
[wc.auth] [INFO] REQUEST GET /static/js/notify.js
[wc.auth] [INFO] REQUEST GET /favicon.ico
[wc.auth] [INFO] REQUEST GET /notifications/
[wc.auth] [INFO] REQUEST GET /static/css/app.theme.css
[wc.auth] [INFO] REQUEST GET /static/js/notify.js
[wc.auth] [INFO] REQUEST GET /favicon.ico
[wc.auth] [INFO] REQUEST GET /otras-fuentes/nueva
[wc.auth] [INFO] REQUEST GET /static/css/app.theme.css
[wc.auth] [INFO] REQUEST GET /static/js/notify.js
[wc.auth] [INFO] REQUEST GET /favicon.ico
[wc.auth] [INFO] REQUEST GET /notifications/
[wc.auth] [INFO] REQUEST GET /static/css/app.theme.css
[wc.auth] [INFO] REQUEST GET /static/js/notify.js
[wc.auth] [INFO] REQUEST GET /favicon.ico
[wc.auth] [INFO] REQUEST POST /notifications/5/read
[wc.auth] [INFO] REQUEST GET /tablero/2
[wc.auth] [INFO] REQUEST POST /notifications/4/read
[wc.auth] [INFO] REQUEST GET /notifications
[wc.auth] [INFO] REQUEST GET /notifications/
[wc.auth] [INFO] REQUEST DELETE /notifications/5
[wc.auth] [INFO] REQUEST DELETE /notifications/4
[wc.auth] [INFO] REQUEST DELETE /notifications/2
[wc.auth] [INFO] REQUEST GET /mercado-publico
[wc.auth] [INFO] REQUEST GET /mercado-publico
[wc.auth] [INFO] REQUEST GET /mercado-publico
[wc.auth] [INFO] REQUEST GET /grupos
[wc.auth] [INFO] REQUEST GET /mercado-publico
